<?xml version="1.0" encoding="UTF-8"?>
<!-- Generated by org.testng.reporters.JUnitReportReporter -->
<testsuite skipped="0" hostname="AASHYD-4B6B2X2" name="com.QualFlowVRT.testcases.HitNTrialTests" tests="2" failures="0" timestamp="2021-06-08T18:36:21 IST" time="23.129" errors="0">
  <testcase name="QUAL001" time="11.988" classname="com.QualFlowVRT.testcases.HitNTrialTests"/>
  <system-out/>
  <testcase name="QUAL001" time="11.141" classname="com.QualFlowVRT.testcases.HitNTrialTests"/>
  <system-out/>
</testsuite> <!-- com.QualFlowVRT.testcases.HitNTrialTests -->
