<?xml version="1.0" encoding="UTF-8"?>
<!-- Generated by org.testng.reporters.JUnitReportReporter -->
<testsuite skipped="0" hostname="INAS-LP024" name="com.QualFlowVRT.testcases.HitNTrialTests" tests="2" failures="0" timestamp="2021-05-28T19:47:44 IST" time="41.477" errors="0">
  <testcase name="QUAL001" time="19.434" classname="com.QualFlowVRT.testcases.HitNTrialTests"/>
  <system-out/>
  <testcase name="QUAL001" time="22.043" classname="com.QualFlowVRT.testcases.HitNTrialTests"/>
  <system-out/>
</testsuite> <!-- com.QualFlowVRT.testcases.HitNTrialTests -->
